<?xml version="1.0" encoding="UTF-8"?>
<!-- Generated by org.testng.reporters.JUnitReportReporter -->
<testsuite hostname="ag496" failures="0" tests="1" name="com.phptravels.testcases.LoginPageTest" time="17.056" errors="0" timestamp="2020-03-30T01:23:16 EET" skipped="0">
  <testcase classname="com.phptravels.testcases.LoginPageTest" name="valdiateLogin" time="17.056"/>
</testsuite> <!-- com.phptravels.testcases.LoginPageTest -->
