<?xml version="1.0" encoding="UTF-8"?>
<!-- Generated by org.testng.reporters.JUnitReportReporter -->
<testsuite hostname="ag496" failures="0" tests="2" name="com.phptravels.testcases.RegisterPageTest" time="30.044" errors="0" timestamp="2020-03-30T01:23:16 EET" skipped="0">
  <testcase classname="com.phptravels.testcases.RegisterPageTest" name="urlCheck" time="14.062"/>
  <testcase classname="com.phptravels.testcases.RegisterPageTest" name="validateRegisteration" time="15.982"/>
</testsuite> <!-- com.phptravels.testcases.RegisterPageTest -->
